<?xml version="1.0" encoding="UTF-8"?>
<robot generator="Robot 7.3.2 (Python 3.12.7 on linux)" generated="2025-11-17T13:16:44.963289" rpa="false" schemaversion="5">
<suite id="s1" name="Tests" source="/home/alexis/Desktop/koulu/HY/Kandi/Ohjelmointi/ohtu/ohtumain/viikko3/login/src/tests">
<suite id="s1-s1" name="Home" source="/home/alexis/Desktop/koulu/HY/Kandi/Ohjelmointi/ohtu/ohtumain/viikko3/login/src/tests/home.robot">
<kw name="Open And Configure Browser" owner="resource" type="SETUP">
<if>
<branch type="IF" condition="$BROWSER == 'chrome'">
<kw name="Evaluate" owner="BuiltIn">
<msg time="2025-11-17T13:16:45.027989" level="INFO">${options} = &lt;selenium.webdriver.chrome.options.Options object at 0x7fb1b5e0fd70&gt;</msg>
<var>${options}</var>
<arg>sys.modules['selenium.webdriver'].ChromeOptions()</arg>
<arg>sys</arg>
<doc>Evaluates the given expression in Python and returns the result.</doc>
<status status="PASS" start="2025-11-17T13:16:45.027851" elapsed="0.000157"/>
</kw>
<kw name="Call Method" owner="BuiltIn">
<arg>${options}</arg>
<arg>add_argument</arg>
<arg>--incognito</arg>
<doc>Calls the named method of the given object with the provided arguments.</doc>
<status status="PASS" start="2025-11-17T13:16:45.028080" elapsed="0.000063"/>
</kw>
<status status="PASS" start="2025-11-17T13:16:45.027564" elapsed="0.000602"/>
</branch>
<branch type="ELSE IF" condition="$BROWSER == 'firefox'">
<kw name="Evaluate" owner="BuiltIn">
<var>${options}</var>
<arg>sys.modules['selenium.webdriver'].FirefoxOptions()</arg>
<arg>sys</arg>
<doc>Evaluates the given expression in Python and returns the result.</doc>
<status status="NOT RUN" start="2025-11-17T13:16:45.028232" elapsed="0.000010"/>
</kw>
<kw name="Call Method" owner="BuiltIn">
<arg>${options}</arg>
<arg>add_argument</arg>
<arg>--private-window</arg>
<doc>Calls the named method of the given object with the provided arguments.</doc>
<status status="NOT RUN" start="2025-11-17T13:16:45.028278" elapsed="0.000009"/>
</kw>
<status status="NOT RUN" start="2025-11-17T13:16:45.028187" elapsed="0.000115"/>
</branch>
<status status="PASS" start="2025-11-17T13:16:45.027547" elapsed="0.000770"/>
</if>
<if>
<branch type="IF" condition="$HEADLESS == 'true'">
<kw name="Set Selenium Speed" owner="SeleniumLibrary">
<arg>0.05 seconds</arg>
<doc>Sets the delay that is waited after each Selenium command.</doc>
<status status="NOT RUN" start="2025-11-17T13:16:45.028413" elapsed="0.000076"/>
</kw>
<kw name="Call Method" owner="BuiltIn">
<arg>${options}</arg>
<arg>add_argument</arg>
<arg>--headless</arg>
<doc>Calls the named method of the given object with the provided arguments.</doc>
<status status="NOT RUN" start="2025-11-17T13:16:45.028533" elapsed="0.000009"/>
</kw>
<status status="NOT RUN" start="2025-11-17T13:16:45.028341" elapsed="0.000216"/>
</branch>
<branch type="ELSE">
<kw name="Set Selenium Speed" owner="SeleniumLibrary">
<arg>${DELAY}</arg>
<doc>Sets the delay that is waited after each Selenium command.</doc>
<status status="PASS" start="2025-11-17T13:16:45.028605" elapsed="0.000105"/>
</kw>
<status status="PASS" start="2025-11-17T13:16:45.028570" elapsed="0.000156"/>
</branch>
<status status="PASS" start="2025-11-17T13:16:45.028334" elapsed="0.000406"/>
</if>
<kw name="Open Browser" owner="SeleniumLibrary">
<msg time="2025-11-17T13:16:45.028884" level="INFO">Opening browser 'chrome' to base url 'None'.</msg>
<arg>browser=${BROWSER}</arg>
<arg>options=${options}</arg>
<doc>Opens a new browser instance to the optional ``url``.</doc>
<status status="PASS" start="2025-11-17T13:16:45.028780" elapsed="0.239405"/>
</kw>
<status status="PASS" start="2025-11-17T13:16:45.027445" elapsed="0.240837"/>
</kw>
<test id="s1-s1-t1" name="Click Login Link" line="8">
<kw name="Reset Application And Go To Starting Page" type="SETUP">
<kw name="Reset Application" owner="AppLibrary">
<status status="PASS" start="2025-11-17T13:16:45.268797" elapsed="0.002136"/>
</kw>
<kw name="Wait Until Keyword Succeeds" owner="BuiltIn">
<kw name="Home Page Should Be Open">
<kw name="Go To" owner="SeleniumLibrary">
<msg time="2025-11-17T13:16:45.271313" level="INFO">Opening url 'http://localhost:5001'</msg>
<arg>${HOME_URL}</arg>
<doc>Navigates the current browser window to the provided ``url``.</doc>
<status status="PASS" start="2025-11-17T13:16:45.271249" elapsed="0.515617"/>
</kw>
<kw name="Title Should Be" owner="SeleniumLibrary">
<msg time="2025-11-17T13:16:46.289988" level="INFO">Page title is 'Ohtu Application'.</msg>
<arg>Ohtu Application</arg>
<doc>Verifies that the current page title equals ``title``.</doc>
<status status="PASS" start="2025-11-17T13:16:45.787090" elapsed="0.503045"/>
</kw>
<status status="PASS" start="2025-11-17T13:16:45.271153" elapsed="1.019096"/>
</kw>
<arg>5s</arg>
<arg>0.2s</arg>
<arg>Home Page Should Be Open</arg>
<doc>Runs the specified keyword and retries if it fails.</doc>
<status status="PASS" start="2025-11-17T13:16:45.271012" elapsed="1.019279"/>
</kw>
<kw name="Go To Starting Page" owner="AppLibrary">
<status status="PASS" start="2025-11-17T13:16:46.290419" elapsed="0.002524"/>
</kw>
<status status="PASS" start="2025-11-17T13:16:45.268652" elapsed="1.024374"/>
</kw>
<kw name="Click Link" owner="SeleniumLibrary">
<msg time="2025-11-17T13:16:46.293443" level="INFO">Clicking link 'Login'.</msg>
<arg>Login</arg>
<doc>Clicks a link identified by ``locator``.</doc>
<status status="PASS" start="2025-11-17T13:16:46.293179" elapsed="1.544187"/>
</kw>
<kw name="Login Page Should Be Open" owner="resource">
<kw name="Title Should Be" owner="SeleniumLibrary">
<msg time="2025-11-17T13:16:48.340732" level="INFO">Page title is 'Login'.</msg>
<arg>Login</arg>
<doc>Verifies that the current page title equals ``title``.</doc>
<status status="PASS" start="2025-11-17T13:16:47.838114" elapsed="0.502740"/>
</kw>
<status status="PASS" start="2025-11-17T13:16:47.837797" elapsed="0.503145"/>
</kw>
<status status="PASS" start="2025-11-17T13:16:45.268336" elapsed="3.072760"/>
</test>
<test id="s1-s1-t2" name="Click Register Link" line="12">
<kw name="Reset Application And Go To Starting Page" type="SETUP">
<kw name="Reset Application" owner="AppLibrary">
<status status="PASS" start="2025-11-17T13:16:48.341706" elapsed="0.002262"/>
</kw>
<kw name="Wait Until Keyword Succeeds" owner="BuiltIn">
<kw name="Home Page Should Be Open">
<kw name="Go To" owner="SeleniumLibrary">
<msg time="2025-11-17T13:16:48.344579" level="INFO">Opening url 'http://localhost:5001'</msg>
<arg>${HOME_URL}</arg>
<doc>Navigates the current browser window to the provided ``url``.</doc>
<status status="PASS" start="2025-11-17T13:16:48.344494" elapsed="0.512194"/>
</kw>
<kw name="Title Should Be" owner="SeleniumLibrary">
<msg time="2025-11-17T13:16:49.359468" level="INFO">Page title is 'Ohtu Application'.</msg>
<arg>Ohtu Application</arg>
<doc>Verifies that the current page title equals ``title``.</doc>
<status status="PASS" start="2025-11-17T13:16:48.856913" elapsed="0.502763"/>
</kw>
<status status="PASS" start="2025-11-17T13:16:48.344347" elapsed="1.015432"/>
</kw>
<arg>5s</arg>
<arg>0.2s</arg>
<arg>Home Page Should Be Open</arg>
<doc>Runs the specified keyword and retries if it fails.</doc>
<status status="PASS" start="2025-11-17T13:16:48.344149" elapsed="1.015671"/>
</kw>
<kw name="Go To Starting Page" owner="AppLibrary">
<status status="PASS" start="2025-11-17T13:16:49.359942" elapsed="0.002538"/>
</kw>
<status status="PASS" start="2025-11-17T13:16:48.341537" elapsed="1.021082"/>
</kw>
<kw name="Click Link" owner="SeleniumLibrary">
<msg time="2025-11-17T13:16:49.363033" level="INFO">Clicking link 'Register new user'.</msg>
<arg>Register new user</arg>
<doc>Clicks a link identified by ``locator``.</doc>
<status status="PASS" start="2025-11-17T13:16:49.362839" elapsed="1.537740"/>
</kw>
<kw name="Register Page Should Be Open">
<kw name="Go To" owner="SeleniumLibrary">
<msg time="2025-11-17T13:16:50.901210" level="INFO">Opening url 'http://localhost:5001/register'</msg>
<arg>${REGISTER_URL}</arg>
<doc>Navigates the current browser window to the provided ``url``.</doc>
<status status="PASS" start="2025-11-17T13:16:50.901109" elapsed="0.511683"/>
</kw>
<kw name="Title Should Be" owner="SeleniumLibrary">
<msg time="2025-11-17T13:16:51.915663" level="INFO">Page title is 'Register'.</msg>
<arg>Register</arg>
<doc>Verifies that the current page title equals ``title``.</doc>
<status status="PASS" start="2025-11-17T13:16:51.413012" elapsed="0.502836"/>
</kw>
<status status="PASS" start="2025-11-17T13:16:50.900885" elapsed="1.015103"/>
</kw>
<status status="PASS" start="2025-11-17T13:16:48.341291" elapsed="3.574923"/>
</test>
<kw name="Close Browser" owner="SeleniumLibrary" type="TEARDOWN">
<doc>Closes the current browser.</doc>
<status status="PASS" start="2025-11-17T13:16:51.916839" elapsed="0.558147"/>
</kw>
<status status="PASS" start="2025-11-17T13:16:44.972915" elapsed="7.502149"/>
</suite>
<suite id="s1-s2" name="Login" source="/home/alexis/Desktop/koulu/HY/Kandi/Ohjelmointi/ohtu/ohtumain/viikko3/login/src/tests/login.robot">
<kw name="Open And Configure Browser" owner="resource" type="SETUP">
<if>
<branch type="IF" condition="$BROWSER == 'chrome'">
<kw name="Evaluate" owner="BuiltIn">
<msg time="2025-11-17T13:16:52.477435" level="INFO">${options} = &lt;selenium.webdriver.chrome.options.Options object at 0x7fb1b5b3dfd0&gt;</msg>
<var>${options}</var>
<arg>sys.modules['selenium.webdriver'].ChromeOptions()</arg>
<arg>sys</arg>
<doc>Evaluates the given expression in Python and returns the result.</doc>
<status status="PASS" start="2025-11-17T13:16:52.477274" elapsed="0.000179"/>
</kw>
<kw name="Call Method" owner="BuiltIn">
<arg>${options}</arg>
<arg>add_argument</arg>
<arg>--incognito</arg>
<doc>Calls the named method of the given object with the provided arguments.</doc>
<status status="PASS" start="2025-11-17T13:16:52.477523" elapsed="0.000068"/>
</kw>
<status status="PASS" start="2025-11-17T13:16:52.477114" elapsed="0.000500"/>
</branch>
<branch type="ELSE IF" condition="$BROWSER == 'firefox'">
<kw name="Evaluate" owner="BuiltIn">
<var>${options}</var>
<arg>sys.modules['selenium.webdriver'].FirefoxOptions()</arg>
<arg>sys</arg>
<doc>Evaluates the given expression in Python and returns the result.</doc>
<status status="NOT RUN" start="2025-11-17T13:16:52.477685" elapsed="0.000012"/>
</kw>
<kw name="Call Method" owner="BuiltIn">
<arg>${options}</arg>
<arg>add_argument</arg>
<arg>--private-window</arg>
<doc>Calls the named method of the given object with the provided arguments.</doc>
<status status="NOT RUN" start="2025-11-17T13:16:52.477739" elapsed="0.000011"/>
</kw>
<status status="NOT RUN" start="2025-11-17T13:16:52.477637" elapsed="0.000259"/>
</branch>
<status status="PASS" start="2025-11-17T13:16:52.477098" elapsed="0.000819"/>
</if>
<if>
<branch type="IF" condition="$HEADLESS == 'true'">
<kw name="Set Selenium Speed" owner="SeleniumLibrary">
<arg>0.05 seconds</arg>
<doc>Sets the delay that is waited after each Selenium command.</doc>
<status status="NOT RUN" start="2025-11-17T13:16:52.478044" elapsed="0.000014"/>
</kw>
<kw name="Call Method" owner="BuiltIn">
<arg>${options}</arg>
<arg>add_argument</arg>
<arg>--headless</arg>
<doc>Calls the named method of the given object with the provided arguments.</doc>
<status status="NOT RUN" start="2025-11-17T13:16:52.478099" elapsed="0.000011"/>
</kw>
<status status="NOT RUN" start="2025-11-17T13:16:52.477947" elapsed="0.000181"/>
</branch>
<branch type="ELSE">
<kw name="Set Selenium Speed" owner="SeleniumLibrary">
<arg>${DELAY}</arg>
<doc>Sets the delay that is waited after each Selenium command.</doc>
<status status="PASS" start="2025-11-17T13:16:52.478184" elapsed="0.000125"/>
</kw>
<status status="PASS" start="2025-11-17T13:16:52.478144" elapsed="0.000186"/>
</branch>
<status status="PASS" start="2025-11-17T13:16:52.477939" elapsed="0.000407"/>
</if>
<kw name="Open Browser" owner="SeleniumLibrary">
<msg time="2025-11-17T13:16:52.478530" level="INFO">Opening browser 'chrome' to base url 'None'.</msg>
<arg>browser=${BROWSER}</arg>
<arg>options=${options}</arg>
<doc>Opens a new browser instance to the optional ``url``.</doc>
<status status="PASS" start="2025-11-17T13:16:52.478398" elapsed="0.262573"/>
</kw>
<status status="PASS" start="2025-11-17T13:16:52.477008" elapsed="0.264047"/>
</kw>
<test id="s1-s2-t1" name="Login With Correct Credentials" line="8">
<kw name="Reset Application Create User And Go To Login Page" type="SETUP">
<kw name="Reset Application" owner="AppLibrary">
<status status="PASS" start="2025-11-17T13:16:52.741508" elapsed="0.001364"/>
</kw>
<kw name="Create User" owner="AppLibrary">
<arg>kalle</arg>
<arg>kalle123</arg>
<status status="PASS" start="2025-11-17T13:16:52.742930" elapsed="0.003587"/>
</kw>
<kw name="Go To Login Page" owner="resource">
<kw name="Go To" owner="SeleniumLibrary">
<msg time="2025-11-17T13:16:52.746755" level="INFO">Opening url 'http://localhost:5001/login'</msg>
<arg>${LOGIN_URL}</arg>
<doc>Navigates the current browser window to the provided ``url``.</doc>
<status status="PASS" start="2025-11-17T13:16:52.746695" elapsed="0.516645"/>
</kw>
<status status="PASS" start="2025-11-17T13:16:52.746595" elapsed="0.516880"/>
</kw>
<status status="PASS" start="2025-11-17T13:16:52.741369" elapsed="0.522157"/>
</kw>
<kw name="Set Username">
<kw name="Input Text" owner="SeleniumLibrary">
<msg time="2025-11-17T13:16:53.264261" level="INFO">Typing text 'kalle' into text field 'username'.</msg>
<arg>username</arg>
<arg>${username}</arg>
<doc>Types the given ``text`` into the text field identified by ``locator``.</doc>
<status status="PASS" start="2025-11-17T13:16:53.264054" elapsed="1.542052"/>
</kw>
<arg>kalle</arg>
<status status="PASS" start="2025-11-17T13:16:53.263759" elapsed="1.542543"/>
</kw>
<kw name="Set Password">
<kw name="Input Password" owner="SeleniumLibrary">
<msg time="2025-11-17T13:16:54.806927" level="INFO">Typing password into text field 'password'.</msg>
<msg time="2025-11-17T13:16:55.819158" level="INFO">Temporally setting log level to: NONE</msg>
<arg>password</arg>
<arg>${password}</arg>
<doc>Types the given password into the text field identified by ``locator``.</doc>
<status status="PASS" start="2025-11-17T13:16:54.806783" elapsed="1.525451"/>
</kw>
<arg>kalle123</arg>
<status status="PASS" start="2025-11-17T13:16:54.806560" elapsed="1.525795"/>
</kw>
<kw name="Click Button" owner="SeleniumLibrary">
<msg time="2025-11-17T13:16:56.332899" level="INFO">Clicking button 'Login'.</msg>
<arg>Login</arg>
<doc>Clicks the button identified by ``locator``.</doc>
<status status="PASS" start="2025-11-17T13:16:56.332602" elapsed="2.039214"/>
</kw>
<kw name="Login Should Succeed">
<kw name="Main Page Should Be Open" owner="resource">
<kw name="Title Should Be" owner="SeleniumLibrary">
<msg time="2025-11-17T13:16:58.876047" level="INFO">Page title is 'Ohtu Application main page'.</msg>
<arg>Ohtu Application main page</arg>
<doc>Verifies that the current page title equals ``title``.</doc>
<status status="PASS" start="2025-11-17T13:16:58.372763" elapsed="0.503469"/>
</kw>
<status status="PASS" start="2025-11-17T13:16:58.372439" elapsed="0.503894"/>
</kw>
<status status="PASS" start="2025-11-17T13:16:58.372196" elapsed="0.504171"/>
</kw>
<status status="PASS" start="2025-11-17T13:16:52.741103" elapsed="6.135404"/>
</test>
<test id="s1-s2-t2" name="Login With Incorrect Password" line="14">
<kw name="Reset Application Create User And Go To Login Page" type="SETUP">
<kw name="Reset Application" owner="AppLibrary">
<status status="PASS" start="2025-11-17T13:16:58.877037" elapsed="0.002281"/>
</kw>
<kw name="Create User" owner="AppLibrary">
<arg>kalle</arg>
<arg>kalle123</arg>
<status status="PASS" start="2025-11-17T13:16:58.879446" elapsed="0.003675"/>
</kw>
<kw name="Go To Login Page" owner="resource">
<kw name="Go To" owner="SeleniumLibrary">
<msg time="2025-11-17T13:16:58.883608" level="INFO">Opening url 'http://localhost:5001/login'</msg>
<arg>${LOGIN_URL}</arg>
<doc>Navigates the current browser window to the provided ``url``.</doc>
<status status="PASS" start="2025-11-17T13:16:58.883457" elapsed="0.514609"/>
</kw>
<status status="PASS" start="2025-11-17T13:16:58.883307" elapsed="0.514937"/>
</kw>
<status status="PASS" start="2025-11-17T13:16:58.876885" elapsed="0.521427"/>
</kw>
<kw name="Set Username">
<kw name="Input Text" owner="SeleniumLibrary">
<msg time="2025-11-17T13:16:59.399223" level="INFO">Typing text 'kalle' into text field 'username'.</msg>
<arg>username</arg>
<arg>${username}</arg>
<doc>Types the given ``text`` into the text field identified by ``locator``.</doc>
<status status="PASS" start="2025-11-17T13:16:59.398927" elapsed="1.523737"/>
</kw>
<arg>kalle</arg>
<status status="PASS" start="2025-11-17T13:16:59.398591" elapsed="1.524203"/>
</kw>
<kw name="Set Password">
<kw name="Input Password" owner="SeleniumLibrary">
<msg time="2025-11-17T13:17:00.923392" level="INFO">Typing password into text field 'password'.</msg>
<msg time="2025-11-17T13:17:01.936622" level="INFO">Temporally setting log level to: NONE</msg>
<arg>password</arg>
<arg>${password}</arg>
<doc>Types the given password into the text field identified by ``locator``.</doc>
<status status="PASS" start="2025-11-17T13:17:00.923248" elapsed="1.527432"/>
</kw>
<arg>kalle456</arg>
<status status="PASS" start="2025-11-17T13:17:00.923001" elapsed="1.527799"/>
</kw>
<kw name="Click Button" owner="SeleniumLibrary">
<msg time="2025-11-17T13:17:02.451151" level="INFO">Clicking button 'Login'.</msg>
<arg>Login</arg>
<doc>Clicks the button identified by ``locator``.</doc>
<status status="PASS" start="2025-11-17T13:17:02.450969" elapsed="2.030262"/>
</kw>
<kw name="Login Should Fail With Message">
<kw name="Login Page Should Be Open" owner="resource">
<kw name="Title Should Be" owner="SeleniumLibrary">
<msg time="2025-11-17T13:17:04.984520" level="INFO">Page title is 'Login'.</msg>
<arg>Login</arg>
<doc>Verifies that the current page title equals ``title``.</doc>
<status status="PASS" start="2025-11-17T13:17:04.481862" elapsed="0.502791"/>
</kw>
<status status="PASS" start="2025-11-17T13:17:04.481739" elapsed="0.503008"/>
</kw>
<kw name="Page Should Contain" owner="SeleniumLibrary">
<msg time="2025-11-17T13:17:05.992886" level="INFO">Current page contains text 'Invalid username or password'.</msg>
<arg>${message}</arg>
<doc>Verifies that current page contains ``text``.</doc>
<status status="PASS" start="2025-11-17T13:17:04.984863" elapsed="1.008207"/>
</kw>
<arg>Invalid username or password</arg>
<status status="PASS" start="2025-11-17T13:17:04.481516" elapsed="1.511690"/>
</kw>
<status status="PASS" start="2025-11-17T13:16:58.876657" elapsed="7.116763"/>
</test>
<test id="s1-s2-t3" name="Login With Nonexistent Username" line="20">
<kw name="Reset Application Create User And Go To Login Page" type="SETUP">
<kw name="Reset Application" owner="AppLibrary">
<status status="PASS" start="2025-11-17T13:17:05.994144" elapsed="0.002486"/>
</kw>
<kw name="Create User" owner="AppLibrary">
<arg>kalle</arg>
<arg>kalle123</arg>
<status status="PASS" start="2025-11-17T13:17:05.996827" elapsed="0.003558"/>
</kw>
<kw name="Go To Login Page" owner="resource">
<kw name="Go To" owner="SeleniumLibrary">
<msg time="2025-11-17T13:17:06.000976" level="INFO">Opening url 'http://localhost:5001/login'</msg>
<arg>${LOGIN_URL}</arg>
<doc>Navigates the current browser window to the provided ``url``.</doc>
<status status="PASS" start="2025-11-17T13:17:06.000864" elapsed="0.511277"/>
</kw>
<status status="PASS" start="2025-11-17T13:17:06.000596" elapsed="0.511682"/>
</kw>
<status status="PASS" start="2025-11-17T13:17:05.993989" elapsed="0.518354"/>
</kw>
<kw name="Reset Application" owner="AppLibrary">
<status status="PASS" start="2025-11-17T13:17:06.512542" elapsed="0.002005"/>
</kw>
<kw name="Set Username">
<kw name="Input Text" owner="SeleniumLibrary">
<msg time="2025-11-17T13:17:06.515148" level="INFO">Typing text 'kalle' into text field 'username'.</msg>
<arg>username</arg>
<arg>${username}</arg>
<doc>Types the given ``text`` into the text field identified by ``locator``.</doc>
<status status="PASS" start="2025-11-17T13:17:06.515015" elapsed="1.526779"/>
</kw>
<arg>kalle</arg>
<status status="PASS" start="2025-11-17T13:17:06.514777" elapsed="1.527186"/>
</kw>
<kw name="Set Password">
<kw name="Input Password" owner="SeleniumLibrary">
<msg time="2025-11-17T13:17:08.043005" level="INFO">Typing password into text field 'password'.</msg>
<msg time="2025-11-17T13:17:09.052916" level="INFO">Temporally setting log level to: NONE</msg>
<arg>password</arg>
<arg>${password}</arg>
<doc>Types the given password into the text field identified by ``locator``.</doc>
<status status="PASS" start="2025-11-17T13:17:08.042688" elapsed="1.522064"/>
</kw>
<arg>kalle</arg>
<status status="PASS" start="2025-11-17T13:17:08.042233" elapsed="1.522622"/>
</kw>
<kw name="Click Button" owner="SeleniumLibrary">
<msg time="2025-11-17T13:17:09.565140" level="INFO">Clicking button 'Login'.</msg>
<arg>Login</arg>
<doc>Clicks the button identified by ``locator``.</doc>
<status status="PASS" start="2025-11-17T13:17:09.564995" elapsed="2.028008"/>
</kw>
<kw name="Login Should Fail With Message">
<kw name="Login Page Should Be Open" owner="resource">
<kw name="Title Should Be" owner="SeleniumLibrary">
<msg time="2025-11-17T13:17:12.095812" level="INFO">Page title is 'Login'.</msg>
<arg>Login</arg>
<doc>Verifies that the current page title equals ``title``.</doc>
<status status="PASS" start="2025-11-17T13:17:11.593535" elapsed="0.502402"/>
</kw>
<status status="PASS" start="2025-11-17T13:17:11.593427" elapsed="0.502625"/>
</kw>
<kw name="Page Should Contain" owner="SeleniumLibrary">
<msg time="2025-11-17T13:17:13.102328" level="INFO">Current page contains text 'Invalid username or password'.</msg>
<arg>${message}</arg>
<doc>Verifies that current page contains ``text``.</doc>
<status status="PASS" start="2025-11-17T13:17:12.096192" elapsed="1.006275"/>
</kw>
<arg>Invalid username or password</arg>
<status status="PASS" start="2025-11-17T13:17:11.593240" elapsed="1.509327"/>
</kw>
<status status="PASS" start="2025-11-17T13:17:05.993678" elapsed="7.109027"/>
</test>
<kw name="Close Browser" owner="SeleniumLibrary" type="TEARDOWN">
<doc>Closes the current browser.</doc>
<status status="PASS" start="2025-11-17T13:17:13.102997" elapsed="0.553448"/>
</kw>
<status status="PASS" start="2025-11-17T13:16:52.475473" elapsed="21.181055"/>
</suite>
<status status="PASS" start="2025-11-17T13:16:44.963732" elapsed="28.693527"/>
</suite>
<statistics>
<total>
<stat pass="5" fail="0" skip="0">All Tests</stat>
</total>
<tag>
</tag>
<suite>
<stat name="Tests" id="s1" pass="5" fail="0" skip="0">Tests</stat>
<stat name="Home" id="s1-s1" pass="2" fail="0" skip="0">Tests.Home</stat>
<stat name="Login" id="s1-s2" pass="3" fail="0" skip="0">Tests.Login</stat>
</suite>
</statistics>
<errors>
</errors>
</robot>
